{
  "stats": {
    "suites": 8,
    "tests": 16,
    "passes": 16,
    "pending": 0,
    "failures": 0,
    "start": "2023-06-08T08:51:58.645Z",
    "end": "2023-06-08T08:52:05.674Z",
    "duration": 7029,
    "testsRegistered": 16,
    "passPercent": 100,
    "pendingPercent": 0,
    "other": 0,
    "hasOther": false,
    "skipped": 0,
    "hasSkipped": false
  },
  "results": [
    {
      "uuid": "ffbc8d35-be67-4f83-a7e5-7a1b4e1b909c",
      "title": "",
      "fullFile": "",
      "file": "",
      "beforeHooks": [],
      "afterHooks": [],
      "tests": [],
      "suites": [
        {
          "uuid": "22c25ae0-012b-40b2-88c7-e7954f8ad7f4",
          "title": "user Posts",
          "fullFile": "D:\\AUTO\\super-api-tests\\test\\posts.js",
          "file": "\\test\\posts.js",
          "beforeHooks": [
            {
              "title": "\"before all\" hook in \"user Posts\"",
              "fullTitle": "user Posts \"before all\" hook in \"user Posts\"",
              "timedOut": false,
              "duration": 648,
              "state": null,
              "speed": null,
              "pass": false,
              "fail": false,
              "pending": false,
              "context": null,
              "code": "var self = this,\n  args = arguments;\nreturn new Promise(function (resolve, reject) {\n  var gen = fn.apply(self, args);\n  function _next(value) {\n    asyncGeneratorStep(gen, resolve, reject, _next, _throw, \"next\", value);\n  }\n  function _throw(err) {\n    asyncGeneratorStep(gen, resolve, reject, _next, _throw, \"throw\", err);\n  }\n  _next(undefined);\n});",
              "err": {},
              "uuid": "d65d0c44-7190-499d-8a39-92d5f620b3d4",
              "parentUUID": "22c25ae0-012b-40b2-88c7-e7954f8ad7f4",
              "isHook": true,
              "skipped": false
            }
          ],
          "afterHooks": [],
          "tests": [
            {
              "title": "/posts",
              "fullTitle": "user Posts /posts",
              "timedOut": false,
              "duration": 484,
              "state": "passed",
              "speed": "slow",
              "pass": true,
              "fail": false,
              "pending": false,
              "context": null,
              "code": "var self = this,\n  args = arguments;\nreturn new Promise(function (resolve, reject) {\n  var gen = fn.apply(self, args);\n  function _next(value) {\n    asyncGeneratorStep(gen, resolve, reject, _next, _throw, \"next\", value);\n  }\n  function _throw(err) {\n    asyncGeneratorStep(gen, resolve, reject, _next, _throw, \"throw\", err);\n  }\n  _next(undefined);\n});",
              "err": {},
              "uuid": "eceb91b3-fa5e-4b95-834c-b61840de1a6e",
              "parentUUID": "22c25ae0-012b-40b2-88c7-e7954f8ad7f4",
              "isHook": false,
              "skipped": false
            },
            {
              "title": "Get /posts/:id",
              "fullTitle": "user Posts Get /posts/:id",
              "timedOut": false,
              "duration": 440,
              "state": "passed",
              "speed": "slow",
              "pass": true,
              "fail": false,
              "pending": false,
              "context": null,
              "code": "var self = this,\n  args = arguments;\nreturn new Promise(function (resolve, reject) {\n  var gen = fn.apply(self, args);\n  function _next(value) {\n    asyncGeneratorStep(gen, resolve, reject, _next, _throw, \"next\", value);\n  }\n  function _throw(err) {\n    asyncGeneratorStep(gen, resolve, reject, _next, _throw, \"throw\", err);\n  }\n  _next(undefined);\n});",
              "err": {},
              "uuid": "28f35ceb-e610-49de-b6ea-1926f860f68e",
              "parentUUID": "22c25ae0-012b-40b2-88c7-e7954f8ad7f4",
              "isHook": false,
              "skipped": false
            }
          ],
          "suites": [
            {
              "uuid": "e9f7b86a-5eee-4c66-a1ce-9392624ada51",
              "title": "Negative Tests",
              "fullFile": "D:\\AUTO\\super-api-tests\\test\\posts.js",
              "file": "\\test\\posts.js",
              "beforeHooks": [],
              "afterHooks": [],
              "tests": [
                {
                  "title": "401 Authentication Failed",
                  "fullTitle": "user Posts Negative Tests 401 Authentication Failed",
                  "timedOut": false,
                  "duration": 209,
                  "state": "passed",
                  "speed": "slow",
                  "pass": true,
                  "fail": false,
                  "pending": false,
                  "context": null,
                  "code": "var self = this,\n  args = arguments;\nreturn new Promise(function (resolve, reject) {\n  var gen = fn.apply(self, args);\n  function _next(value) {\n    asyncGeneratorStep(gen, resolve, reject, _next, _throw, \"next\", value);\n  }\n  function _throw(err) {\n    asyncGeneratorStep(gen, resolve, reject, _next, _throw, \"throw\", err);\n  }\n  _next(undefined);\n});",
                  "err": {},
                  "uuid": "e4577e15-b478-4662-927b-c17b0140d9ad",
                  "parentUUID": "e9f7b86a-5eee-4c66-a1ce-9392624ada51",
                  "isHook": false,
                  "skipped": false
                },
                {
                  "title": "421 Validation Failed",
                  "fullTitle": "user Posts Negative Tests 421 Validation Failed",
                  "timedOut": false,
                  "duration": 487,
                  "state": "passed",
                  "speed": "slow",
                  "pass": true,
                  "fail": false,
                  "pending": false,
                  "context": null,
                  "code": "var self = this,\n  args = arguments;\nreturn new Promise(function (resolve, reject) {\n  var gen = fn.apply(self, args);\n  function _next(value) {\n    asyncGeneratorStep(gen, resolve, reject, _next, _throw, \"next\", value);\n  }\n  function _throw(err) {\n    asyncGeneratorStep(gen, resolve, reject, _next, _throw, \"throw\", err);\n  }\n  _next(undefined);\n});",
                  "err": {},
                  "uuid": "c281999a-b2c2-44e3-b317-82bcbeda535a",
                  "parentUUID": "e9f7b86a-5eee-4c66-a1ce-9392624ada51",
                  "isHook": false,
                  "skipped": false
                }
              ],
              "suites": [],
              "passes": [
                "e4577e15-b478-4662-927b-c17b0140d9ad",
                "c281999a-b2c2-44e3-b317-82bcbeda535a"
              ],
              "failures": [],
              "pending": [],
              "skipped": [],
              "duration": 696,
              "root": false,
              "rootEmpty": false,
              "_timeout": 5000
            }
          ],
          "passes": [
            "eceb91b3-fa5e-4b95-834c-b61840de1a6e",
            "28f35ceb-e610-49de-b6ea-1926f860f68e"
          ],
          "failures": [],
          "pending": [],
          "skipped": [],
          "duration": 924,
          "root": false,
          "rootEmpty": false,
          "_timeout": 5000
        },
        {
          "uuid": "6f1336be-385d-4a0e-9f06-52f17c2ebba0",
          "title": "Users",
          "fullFile": "D:\\AUTO\\super-api-tests\\test\\users-advanced.js",
          "file": "\\test\\users-advanced.js",
          "beforeHooks": [],
          "afterHooks": [],
          "tests": [],
          "suites": [
            {
              "uuid": "c1408e07-86df-4fca-80a8-8a2d903dd2b8",
              "title": "POST",
              "fullFile": "D:\\AUTO\\super-api-tests\\test\\users-advanced.js",
              "file": "\\test\\users-advanced.js",
              "beforeHooks": [],
              "afterHooks": [],
              "tests": [
                {
                  "title": "/Users",
                  "fullTitle": "Users POST /Users",
                  "timedOut": false,
                  "duration": 469,
                  "state": "passed",
                  "speed": "slow",
                  "pass": true,
                  "fail": false,
                  "pending": false,
                  "context": null,
                  "code": "var data = {\n  email: \"testtest-\".concat(Math.floor(Math.random() * 9999), \"@example.om\"),\n  name: \"test\",\n  gender: \"female\",\n  status: \"active\"\n};\nreturn request.post(\"users\").set(\"Authorization\", \"Bearer \".concat(TOKEN)).send(data).then(function (res) {\n  // console.log(res.body);\n  (0, _chai.expect)(res.body).to.deep.include(data);\n  userId = res.body.id;\n  console.log(userId);\n});",
                  "err": {},
                  "uuid": "444f99d9-195e-47bf-bc22-61c1768bfca7",
                  "parentUUID": "c1408e07-86df-4fca-80a8-8a2d903dd2b8",
                  "isHook": false,
                  "skipped": false
                }
              ],
              "suites": [],
              "passes": [
                "444f99d9-195e-47bf-bc22-61c1768bfca7"
              ],
              "failures": [],
              "pending": [],
              "skipped": [],
              "duration": 469,
              "root": false,
              "rootEmpty": false,
              "_timeout": 5000
            },
            {
              "uuid": "ee267830-2377-4590-92be-3d95ae05288b",
              "title": "GET",
              "fullFile": "D:\\AUTO\\super-api-tests\\test\\users-advanced.js",
              "file": "\\test\\users-advanced.js",
              "beforeHooks": [],
              "afterHooks": [],
              "tests": [
                {
                  "title": "Get /Users",
                  "fullTitle": "Users GET Get /Users",
                  "timedOut": false,
                  "duration": 463,
                  "state": "passed",
                  "speed": "slow",
                  "pass": true,
                  "fail": false,
                  "pending": false,
                  "context": null,
                  "code": "return request.get(\"users?access-token=\".concat(TOKEN)).then(function (res) {\n  (0, _chai.expect)(res.body).to.not.be.empty;\n});",
                  "err": {},
                  "uuid": "5cb1ca0a-04bb-4b10-aa1b-903cfd3c376f",
                  "parentUUID": "ee267830-2377-4590-92be-3d95ae05288b",
                  "isHook": false,
                  "skipped": false
                },
                {
                  "title": "Get /Users/:id",
                  "fullTitle": "Users GET Get /Users/:id",
                  "timedOut": false,
                  "duration": 444,
                  "state": "passed",
                  "speed": "slow",
                  "pass": true,
                  "fail": false,
                  "pending": false,
                  "context": null,
                  "code": "return request.get(\"users/\".concat(userId, \"?access-token=\").concat(TOKEN)).then(function (res) {\n  (0, _chai.expect)(res.body.id).to.be.eq(userId);\n});",
                  "err": {},
                  "uuid": "a1a5d2e1-b9fa-4c8d-9526-7343987c05be",
                  "parentUUID": "ee267830-2377-4590-92be-3d95ae05288b",
                  "isHook": false,
                  "skipped": false
                },
                {
                  "title": "Get with query params",
                  "fullTitle": "Users GET Get with query params",
                  "timedOut": false,
                  "duration": 300,
                  "state": "passed",
                  "speed": "slow",
                  "pass": true,
                  "fail": false,
                  "pending": false,
                  "context": null,
                  "code": "var url = \"users?access-token=\".concat(TOKEN, \"&page=5&gender=female&status=active\");\nreturn request.get(url).then(function (res) {\n  (0, _chai.expect)(res.body).to.not.be.empty;\n  res.body.forEach(function (data) {\n    (0, _chai.expect)(data.gender).to.eq(\"female\");\n    (0, _chai.expect)(data.status).to.eq(\"active\");\n  });\n});",
                  "err": {},
                  "uuid": "983d244d-a00e-416e-90b3-21ac70066810",
                  "parentUUID": "ee267830-2377-4590-92be-3d95ae05288b",
                  "isHook": false,
                  "skipped": false
                }
              ],
              "suites": [],
              "passes": [
                "5cb1ca0a-04bb-4b10-aa1b-903cfd3c376f",
                "a1a5d2e1-b9fa-4c8d-9526-7343987c05be",
                "983d244d-a00e-416e-90b3-21ac70066810"
              ],
              "failures": [],
              "pending": [],
              "skipped": [],
              "duration": 1207,
              "root": false,
              "rootEmpty": false,
              "_timeout": 5000
            },
            {
              "uuid": "0c7c5b4e-d743-4052-ad78-1663b5bca549",
              "title": "PUT",
              "fullFile": "D:\\AUTO\\super-api-tests\\test\\users-advanced.js",
              "file": "\\test\\users-advanced.js",
              "beforeHooks": [],
              "afterHooks": [],
              "tests": [
                {
                  "title": "/Users:id",
                  "fullTitle": "Users PUT /Users:id",
                  "timedOut": false,
                  "duration": 319,
                  "state": "passed",
                  "speed": "slow",
                  "pass": true,
                  "fail": false,
                  "pending": false,
                  "context": null,
                  "code": "var data = {\n  name: \"test + \".concat(Math.floor(Math.random() * 9999)),\n  gender: \"female\",\n  status: \"active\"\n};\nreturn request.put(\"users/\".concat(userId)).set(\"Authorization\", \"Bearer \".concat(TOKEN)).send(data).then(function (res) {\n  console.log(res.body);\n  (0, _chai.expect)(res.body).to.deep.include(data);\n});",
                  "err": {},
                  "uuid": "4bad2ed2-786b-4fea-b913-8c02c8d9c91d",
                  "parentUUID": "0c7c5b4e-d743-4052-ad78-1663b5bca549",
                  "isHook": false,
                  "skipped": false
                }
              ],
              "suites": [],
              "passes": [
                "4bad2ed2-786b-4fea-b913-8c02c8d9c91d"
              ],
              "failures": [],
              "pending": [],
              "skipped": [],
              "duration": 319,
              "root": false,
              "rootEmpty": false,
              "_timeout": 5000
            },
            {
              "uuid": "dfd74987-ed86-4d57-9a38-98dd3f7d43f9",
              "title": "DELETE",
              "fullFile": "D:\\AUTO\\super-api-tests\\test\\users-advanced.js",
              "file": "\\test\\users-advanced.js",
              "beforeHooks": [],
              "afterHooks": [],
              "tests": [
                {
                  "title": "/Users:id",
                  "fullTitle": "Users DELETE /Users:id",
                  "timedOut": false,
                  "duration": 285,
                  "state": "passed",
                  "speed": "slow",
                  "pass": true,
                  "fail": false,
                  "pending": false,
                  "context": null,
                  "code": "return request[\"delete\"](\"users/\".concat(userId)).set(\"Authorization\", \"Bearer \".concat(TOKEN)).then(function (res) {\n  console.log(res.body);\n  // expect(res.body).to.be.eq({});\n});",
                  "err": {},
                  "uuid": "11d5b20b-9f6c-4902-b621-6a80eb8e4014",
                  "parentUUID": "dfd74987-ed86-4d57-9a38-98dd3f7d43f9",
                  "isHook": false,
                  "skipped": false
                }
              ],
              "suites": [],
              "passes": [
                "11d5b20b-9f6c-4902-b621-6a80eb8e4014"
              ],
              "failures": [],
              "pending": [],
              "skipped": [],
              "duration": 285,
              "root": false,
              "rootEmpty": false,
              "_timeout": 5000
            }
          ],
          "passes": [],
          "failures": [],
          "pending": [],
          "skipped": [],
          "duration": 0,
          "root": false,
          "rootEmpty": false,
          "_timeout": 5000
        },
        {
          "uuid": "ccca7878-ff73-40b5-89f7-f401cf4f9694",
          "title": "Users",
          "fullFile": "D:\\AUTO\\super-api-tests\\test\\users.js",
          "file": "\\test\\users.js",
          "beforeHooks": [],
          "afterHooks": [],
          "tests": [
            {
              "title": "Get /Users",
              "fullTitle": "Users Get /Users",
              "timedOut": false,
              "duration": 463,
              "state": "passed",
              "speed": "slow",
              "pass": true,
              "fail": false,
              "pending": false,
              "context": null,
              "code": "// request.get(\n//   `users?access-token=${TOKEN}`).end((err, res) => {\n//    expect(res.body).to.not.be.empty;\n//    done();\n// });\nreturn request.get(\"users?access-token=\".concat(TOKEN)).then(function (res) {\n  (0, _chai.expect)(res.body).to.not.be.empty;\n});",
              "err": {},
              "uuid": "f5eaf082-e4a2-40b6-8e8a-104c755a5508",
              "parentUUID": "ccca7878-ff73-40b5-89f7-f401cf4f9694",
              "isHook": false,
              "skipped": false
            },
            {
              "title": "Get /Users/:id",
              "fullTitle": "Users Get /Users/:id",
              "timedOut": false,
              "duration": 251,
              "state": "passed",
              "speed": "slow",
              "pass": true,
              "fail": false,
              "pending": false,
              "context": null,
              "code": "return request.get(\"users/2625099?access-token=\".concat(TOKEN)).then(function (res) {\n  (0, _chai.expect)(res.body.id).to.be.eq(2625099);\n});",
              "err": {},
              "uuid": "56a5ce88-c8e6-4d1c-a0e3-f1bc310f930a",
              "parentUUID": "ccca7878-ff73-40b5-89f7-f401cf4f9694",
              "isHook": false,
              "skipped": false
            },
            {
              "title": "Get with query params",
              "fullTitle": "Users Get with query params",
              "timedOut": false,
              "duration": 469,
              "state": "passed",
              "speed": "slow",
              "pass": true,
              "fail": false,
              "pending": false,
              "context": null,
              "code": "var url = \"users?access-token=\".concat(TOKEN, \"&page=5&gender=female&status=active\");\nreturn request.get(url).then(function (res) {\n  (0, _chai.expect)(res.body).to.not.be.empty;\n  res.body.forEach(function (data) {\n    (0, _chai.expect)(data.gender).to.eq(\"female\");\n    (0, _chai.expect)(data.status).to.eq(\"active\");\n  });\n});",
              "err": {},
              "uuid": "fa111189-666f-4945-9bdc-bd9894daa167",
              "parentUUID": "ccca7878-ff73-40b5-89f7-f401cf4f9694",
              "isHook": false,
              "skipped": false
            },
            {
              "title": "POST /Users",
              "fullTitle": "Users POST /Users",
              "timedOut": false,
              "duration": 466,
              "state": "passed",
              "speed": "slow",
              "pass": true,
              "fail": false,
              "pending": false,
              "context": null,
              "code": "var data = {\n  email: \"testtest-\".concat(Math.floor(Math.random() * 9999), \"@example.om\"),\n  name: \"test\",\n  gender: \"female\",\n  status: \"active\"\n};\nreturn request.post(\"users\").set(\"Authorization\", \"Bearer \".concat(TOKEN)).send(data).then(function (res) {\n  // console.log(res.body);\n  (0, _chai.expect)(res.body).to.deep.include(data);\n});",
              "err": {},
              "uuid": "4381f572-f392-47ef-8959-09d64161aa07",
              "parentUUID": "ccca7878-ff73-40b5-89f7-f401cf4f9694",
              "isHook": false,
              "skipped": false
            },
            {
              "title": "PUT /Users:id",
              "fullTitle": "Users PUT /Users:id",
              "timedOut": false,
              "duration": 289,
              "state": "passed",
              "speed": "slow",
              "pass": true,
              "fail": false,
              "pending": false,
              "context": null,
              "code": "var data = {\n  name: \"test + \".concat(Math.floor(Math.random() * 9999)),\n  gender: \"female\",\n  status: \"active\"\n};\nreturn request.put(\"users/2625469\").set(\"Authorization\", \"Bearer \".concat(TOKEN)).send(data).then(function (res) {\n  console.log(res.body);\n  (0, _chai.expect)(res.body).to.deep.include(data);\n});",
              "err": {},
              "uuid": "213c5122-8b4f-433a-83cc-9f8d43e47de6",
              "parentUUID": "ccca7878-ff73-40b5-89f7-f401cf4f9694",
              "isHook": false,
              "skipped": false
            },
            {
              "title": "DELETE /Users:id",
              "fullTitle": "Users DELETE /Users:id",
              "timedOut": false,
              "duration": 487,
              "state": "passed",
              "speed": "slow",
              "pass": true,
              "fail": false,
              "pending": false,
              "context": null,
              "code": "return request[\"delete\"](\"users/2625869\").set(\"Authorization\", \"Bearer \".concat(TOKEN)).then(function (res) {\n  console.log(res.body);\n  // expect(res.body).to.be.eq({});\n});",
              "err": {},
              "uuid": "3ff3dd90-3a2c-44e9-a918-5f55abdd078e",
              "parentUUID": "ccca7878-ff73-40b5-89f7-f401cf4f9694",
              "isHook": false,
              "skipped": false
            }
          ],
          "suites": [],
          "passes": [
            "f5eaf082-e4a2-40b6-8e8a-104c755a5508",
            "56a5ce88-c8e6-4d1c-a0e3-f1bc310f930a",
            "fa111189-666f-4945-9bdc-bd9894daa167",
            "4381f572-f392-47ef-8959-09d64161aa07",
            "213c5122-8b4f-433a-83cc-9f8d43e47de6",
            "3ff3dd90-3a2c-44e9-a918-5f55abdd078e"
          ],
          "failures": [],
          "pending": [],
          "skipped": [],
          "duration": 2425,
          "root": false,
          "rootEmpty": false,
          "_timeout": 5000
        }
      ],
      "passes": [],
      "failures": [],
      "pending": [],
      "skipped": [],
      "duration": 0,
      "root": true,
      "rootEmpty": true,
      "_timeout": 5000
    }
  ],
  "meta": {
    "mocha": {
      "version": "10.2.0"
    },
    "mochawesome": {
      "options": {
        "quiet": false,
        "reportFilename": "mochawesome",
        "saveHtml": true,
        "saveJson": true,
        "consoleReporter": "spec",
        "useInlineDiffs": false,
        "code": true
      },
      "version": "7.1.3"
    },
    "marge": {
      "options": null,
      "version": "6.2.0"
    }
  }
}